2024.05.14 21:57:01 INFO  Started: Metals version 1.3.0 in folders '/home/andresuv/cuartoSemestre/PFC/proyecto/proyectoMain/gestionvuelos' for client Visual Studio Code 1.89.1.[0m
SLF4J: Class path contains multiple SLF4J providers.
SLF4J: Found provider [scribe.slf4j.ScribeServiceProvider@61215dd0]
SLF4J: Found provider [ch.qos.logback.classic.spi.LogbackServiceProvider@2117ac0c]
SLF4J: See https://www.slf4j.org/codes.html#multiple_bindings for an explanation.
SLF4J: Actual provider is of type [scribe.slf4j.ScribeServiceProvider@61215dd0]
2024.05.14 21:57:02 WARN  Flyway upgrade recommended: H2 2.2.224 is newer than this version of Flyway and support has not been tested. The latest supported version of H2 is 2.2.220.[0m
2024.05.14 21:57:57 INFO  no build target found for /home/andresuv/cuartoSemestre/PFC/proyecto/proyectoMain/gestionvuelos/src/main/scala/com/example/CubeCalculator.scala. Using presentation compiler with project's scala-library version: 3.3.3[0m
2024.05.14 22:01:17 WARN  no build target for: /home/andresuv/cuartoSemestre/PFC/proyecto/proyectoMain/gestionvuelos/src/test/scala/Pruebas.worksheet.sc[0m
2024.05.14 22:02:13 WARN  no build target for: /home/andresuv/cuartoSemestre/PFC/proyecto/proyectoMain/gestionvuelos/src/test/scala/PruebasPar.worksheet.sc[0m
2024.05.14 22:02:50 WARN  no build target for: /home/andresuv/cuartoSemestre/PFC/proyecto/proyectoMain/gestionvuelos/src/test/scala/Pruebas.worksheet.sc[0m
2024.05.14 22:02:52 INFO  time: evaluated worksheet 'Pruebas.worksheet.sc' in 2.68s[0m
2024.05.14 22:03:00 INFO  no build target found for /home/andresuv/cuartoSemestre/PFC/proyecto/proyectoMain/gestionvuelos/src/test/scala/Pruebas.worksheet.sc. Using presentation compiler with project's scala-library version: 3.3.3[0m
2024.05.14 22:04:56 WARN  no build target for: /home/andresuv/cuartoSemestre/PFC/proyecto/proyectoMain/gestionvuelos/src/test/scala/PruebasPar.worksheet.sc[0m
2024.05.14 22:04:56 INFO  time: evaluated worksheet 'PruebasPar.worksheet.sc' in 0.36s[0m
2024.05.14 22:04:57 WARN  no build target for: /home/andresuv/cuartoSemestre/PFC/proyecto/proyectoMain/gestionvuelos/src/test/scala/Pruebas.worksheet.sc[0m
2024.05.14 22:05:00 INFO  time: evaluated worksheet 'Pruebas.worksheet.sc' in 2.58s[0m
2024.05.14 22:05:04 INFO  no build target found for /home/andresuv/cuartoSemestre/PFC/proyecto/proyectoMain/gestionvuelos/src/test/scala/PruebasPar.worksheet.sc. Using presentation compiler with project's scala-library version: 3.3.3[0m
2024.05.14 22:06:10 WARN  no build target for: /home/andresuv/cuartoSemestre/PFC/proyecto/proyectoMain/gestionvuelos/src/test/scala/PruebasPar.worksheet.sc[0m
2024.05.14 22:06:10 INFO  time: evaluated worksheet 'PruebasPar.worksheet.sc' in 0.24s[0m
2024.05.14 22:06:10 WARN  no build target for: /home/andresuv/cuartoSemestre/PFC/proyecto/proyectoMain/gestionvuelos/src/test/scala/Pruebas.worksheet.sc[0m
May 14, 2024 10:06:10 PM org.eclipse.lsp4j.jsonrpc.RemoteEndpoint handleCancellation
WARNING: Unmatched cancel notification for request id 441
2024.05.14 22:06:11 INFO  time: evaluated worksheet 'Pruebas.worksheet.sc' in 1.04s[0m
2024.05.14 22:06:39 WARN  no build target for: /home/andresuv/cuartoSemestre/PFC/proyecto/proyectoMain/gestionvuelos/src/main/scala/Itinerarios/package.scala[0m
2024.05.14 22:06:41 WARN  Could not find semantic tokens for: file:///home/andresuv/cuartoSemestre/PFC/proyecto/proyectoMain/gestionvuelos/src/main/scala/Itinerarios/package.scala[0m
2024.05.14 22:06:47 WARN  Could not find semantic tokens for: file:///home/andresuv/cuartoSemestre/PFC/proyecto/proyectoMain/gestionvuelos/src/main/scala/Itinerarios/package.scala[0m
2024.05.14 22:06:48 WARN  Could not find semantic tokens for: file:///home/andresuv/cuartoSemestre/PFC/proyecto/proyectoMain/gestionvuelos/src/main/scala/Itinerarios/package.scala[0m
2024.05.14 22:06:51 WARN  Could not find semantic tokens for: file:///home/andresuv/cuartoSemestre/PFC/proyecto/proyectoMain/gestionvuelos/src/main/scala/Itinerarios/package.scala[0m
2024.05.14 22:06:52 WARN  Could not find semantic tokens for: file:///home/andresuv/cuartoSemestre/PFC/proyecto/proyectoMain/gestionvuelos/src/main/scala/Itinerarios/package.scala[0m
2024.05.14 22:06:52 WARN  Could not find semantic tokens for: file:///home/andresuv/cuartoSemestre/PFC/proyecto/proyectoMain/gestionvuelos/src/main/scala/Itinerarios/package.scala[0m
2024.05.14 22:06:54 WARN  Could not find semantic tokens for: file:///home/andresuv/cuartoSemestre/PFC/proyecto/proyectoMain/gestionvuelos/src/main/scala/Itinerarios/package.scala[0m
2024.05.14 22:06:56 WARN  Could not find semantic tokens for: file:///home/andresuv/cuartoSemestre/PFC/proyecto/proyectoMain/gestionvuelos/src/main/scala/Itinerarios/package.scala[0m
2024.05.14 22:09:36 WARN  no build target for: /home/andresuv/cuartoSemestre/PFC/proyecto/proyectoMain/gestionvuelos/src/test/scala/Pruebas.worksheet.sc[0m
May 14, 2024 10:09:36 PM org.eclipse.lsp4j.jsonrpc.RemoteEndpoint handleCancellation
WARNING: Unmatched cancel notification for request id 603
2024.05.14 22:09:37 INFO  time: evaluated worksheet 'Pruebas.worksheet.sc' in 0.83s[0m
2024.05.14 22:11:05 WARN  no build target for: /home/andresuv/cuartoSemestre/PFC/proyecto/proyectoMain/gestionvuelos/src/main/scala/Itinerarios/package.scala[0m
2024.05.14 22:11:06 WARN  no build target for: /home/andresuv/cuartoSemestre/PFC/proyecto/proyectoMain/gestionvuelos/src/test/scala/Pruebas.worksheet.sc[0m
2024.05.14 22:11:07 INFO  time: evaluated worksheet 'Pruebas.worksheet.sc' in 0.73s[0m
2024.05.14 22:11:15 WARN  no build target for: /home/andresuv/cuartoSemestre/PFC/proyecto/proyectoMain/gestionvuelos/src/test/scala/Pruebas.worksheet.sc[0m
2024.05.14 22:11:15 INFO  time: evaluated worksheet 'Pruebas.worksheet.sc' in 0.61s[0m
2024.05.14 22:11:15 WARN  no build target for: /home/andresuv/cuartoSemestre/PFC/proyecto/proyectoMain/gestionvuelos/src/test/scala/PruebasPar.worksheet.sc[0m
2024.05.14 22:11:16 INFO  time: evaluated worksheet 'PruebasPar.worksheet.sc' in 0.18s[0m
2024.05.14 22:11:19 WARN  no build target for: /home/andresuv/cuartoSemestre/PFC/proyecto/proyectoMain/gestionvuelos/src/test/scala/Pruebas.worksheet.sc[0m
2024.05.14 22:11:20 INFO  time: evaluated worksheet 'Pruebas.worksheet.sc' in 0.58s[0m
2024.05.14 22:12:49 WARN  no build target for: /home/andresuv/cuartoSemestre/PFC/proyecto/proyectoMain/gestionvuelos/src/main/scala/common/package.scala[0m
2024.05.14 22:12:51 WARN  Could not find semantic tokens for: file:///home/andresuv/cuartoSemestre/PFC/proyecto/proyectoMain/gestionvuelos/src/main/scala/common/package.scala[0m
2024.05.14 22:12:51 WARN  Could not find semantic tokens for: file:///home/andresuv/cuartoSemestre/PFC/proyecto/proyectoMain/gestionvuelos/src/main/scala/common/package.scala[0m
2024.05.14 22:12:52 WARN  Could not find semantic tokens for: file:///home/andresuv/cuartoSemestre/PFC/proyecto/proyectoMain/gestionvuelos/src/main/scala/common/package.scala[0m
2024.05.14 22:12:57 WARN  no build target for: /home/andresuv/cuartoSemestre/PFC/proyecto/proyectoMain/gestionvuelos/src/main/scala/common/package.scala[0m
2024.05.27 11:45:31 INFO  Started: Metals version 1.3.1 in folders '/home/andresuv/cuartoSemestre/PFC/proyecto/proyectoMain/gestionvuelos' for client Visual Studio Code 1.89.1.[0m
SLF4J(W): Class path contains multiple SLF4J providers.
SLF4J(W): Found provider [scribe.slf4j.ScribeServiceProvider@6b76d506]
SLF4J(W): Found provider [ch.qos.logback.classic.spi.LogbackServiceProvider@394ec2e5]
SLF4J(W): See https://www.slf4j.org/codes.html#multiple_bindings for an explanation.
SLF4J(I): Actual provider is of type [scribe.slf4j.ScribeServiceProvider@6b76d506]
2024.05.27 11:45:32 WARN  Flyway upgrade recommended: H2 2.2.224 is newer than this version of Flyway and support has not been tested. The latest supported version of H2 is 2.2.220.[0m
2024.05.27 11:45:32 INFO  Attempting to connect to the build server...[0m
2024.05.27 11:45:32 INFO  tracing is disabled for protocol BSP, to enable tracing of incoming and outgoing JSON messages create an empty file at /home/andresuv/cuartoSemestre/PFC/proyecto/proyectoMain/gestionvuelos/.metals/bsp.trace.json or /home/andresuv/.cache/metals/bsp.trace.json[0m
2024.05.27 11:45:32 INFO  Attempting to connect to the build server...[0m
2024.05.27 11:45:32 INFO  tracing is disabled for protocol BSP, to enable tracing of incoming and outgoing JSON messages create an empty file at /home/andresuv/cuartoSemestre/PFC/proyecto/proyectoMain/gestionvuelos/project/.metals/bsp.trace.json or /home/andresuv/.cache/metals/bsp.trace.json[0m
2024.05.27 11:45:32 INFO  time: Connected to build server in 0.32s[0m
2024.05.27 11:45:32 INFO  Connected to Build server: Bloop v1.5.17[0m
2024.05.27 11:45:40 INFO  time: indexed workspace in 7.09s[0m
2024.05.27 11:48:45 INFO  compiling root (1 scala source)[0m
2024.05.27 11:48:45 INFO  time: compiled root in 0.74s[0m
2024.05.27 11:50:17 INFO  compiling root (1 scala source)[0m
2024.05.27 11:50:17 INFO  time: compiled root in 0.6s[0m
2024.05.27 11:51:13 INFO  time: evaluated worksheet 'PruebasPar.worksheet.sc' in 3.61s[0m
2024.05.27 11:51:13 INFO  time: evaluated worksheet 'Pruebas.worksheet.sc' in 0.87s[0m
2024.05.27 11:54:15 INFO  compiling root (1 scala source)[0m
2024.05.27 11:54:15 INFO  time: compiled root in 0.53s[0m
2024.05.27 11:56:58 INFO  compiling root (1 scala source)[0m
2024.05.27 11:56:58 INFO  time: compiled root in 0.59s[0m
2024.05.27 11:57:14 INFO  compiling root (1 scala source)[0m
2024.05.27 11:57:14 INFO  time: compiled root in 0.76s[0m
2024.05.27 12:00:05 INFO  compiling root (1 scala source)[0m
2024.05.27 12:00:05 INFO  time: compiled root in 0.57s[0m
2024.05.27 12:00:44 INFO  time: evaluated worksheet 'PruebasPar.worksheet.sc' in 1.03s[0m
2024.05.27 12:00:45 INFO  time: code lens generation in 1.2s[0m
2024.05.27 12:00:47 INFO  time: evaluated worksheet 'PruebasBechMark.worksheet.sc' in 1.75s[0m
2024.05.27 12:00:48 INFO  time: evaluated worksheet 'Pruebas.worksheet.sc' in 0.67s[0m
2024.05.27 12:00:49 INFO  time: evaluated worksheet 'PruebasBechMark.worksheet.sc' in 0.84s[0m
2024.05.27 12:00:49 INFO  time: code lens generation in 1.47s[0m
2024.05.27 12:00:49 INFO  time: evaluated worksheet 'PruebasPar.worksheet.sc' in 0.33s[0m
2024.05.27 12:06:29 INFO  time: evaluated worksheet 'PruebasPar.worksheet.sc' in 0.33s[0m
2024.05.27 12:10:15 INFO  time: evaluated worksheet 'Pruebas.worksheet.sc' in 0.42s[0m
2024.05.27 12:11:56 INFO  time: evaluated worksheet 'Pruebas.worksheet.sc' in 0.48s[0m
May 27, 2024 12:12:00 PM scala.meta.internal.pc.CompilerAccess handleError
SEVERE: A severe compiler error occurred, full details of the error can be found in the error report /home/andresuv/cuartoSemestre/PFC/proyecto/proyectoMain/gestionvuelos/.metals/.reports/metals-full/2024-05-27/r_compiler-error_(root-test)_12-12-00-220.md
2024.05.27 12:12:00 ERROR Failed to tokenize input for semantic tokens for /home/andresuv/cuartoSemestre/PFC/proyecto/proyectoMain/gestionvuelos/src/test/scala/Pruebas.worksheet.sc
scala.meta.tokenizers.TokenizeException: <input>:196: error: empty quoted identifier
```scala
^
	at scala.meta.internal.tokenizers.Reporter.syntaxError(Reporter.scala:23)
	at scala.meta.internal.tokenizers.Reporter.syntaxError$(Reporter.scala:23)
	at scala.meta.internal.tokenizers.Reporter$$anon$1.syntaxError(Reporter.scala:33)
	at scala.meta.internal.tokenizers.Reporter.syntaxError(Reporter.scala:25)
	at scala.meta.internal.tokenizers.Reporter.syntaxError$(Reporter.scala:25)
	at scala.meta.internal.tokenizers.Reporter$$anon$1.syntaxError(Reporter.scala:33)
	at scala.meta.internal.tokenizers.LegacyScanner.getBackquotedIdent(LegacyScanner.scala:492)
	at scala.meta.internal.tokenizers.LegacyScanner.fetchToken(LegacyScanner.scala:344)
	at scala.meta.internal.tokenizers.LegacyScanner.nextToken(LegacyScanner.scala:214)
	at scala.meta.internal.tokenizers.LegacyScanner.foreach(LegacyScanner.scala:982)
	at scala.meta.internal.tokenizers.ScalametaTokenizer.uncachedTokenize(ScalametaTokenizer.scala:23)
	at scala.meta.internal.tokenizers.ScalametaTokenizer.$anonfun$tokenize$1(ScalametaTokenizer.scala:16)
	at scala.collection.concurrent.TrieMap.getOrElseUpdate(TrieMap.scala:960)
	at scala.meta.internal.tokenizers.ScalametaTokenizer.tokenize(ScalametaTokenizer.scala:16)
	at scala.meta.internal.tokenizers.ScalametaTokenizer$$anon$2.apply(ScalametaTokenizer.scala:331)
	at scala.meta.tokenizers.Api$XtensionTokenizeDialectInput.tokenize(Api.scala:25)
	at scala.meta.tokenizers.Api$XtensionTokenizeInputLike.tokenize(Api.scala:14)
	at scala.meta.internal.metals.SemanticTokensProvider$.getTokens(SemanticTokensProvider.scala:30)
	at scala.meta.internal.metals.SemanticTokensProvider$.provide(SemanticTokensProvider.scala:89)
	at scala.meta.internal.metals.Compilers.$anonfun$semanticTokens$3(Compilers.scala:514)
	at scala.concurrent.impl.Promise$Transformation.run(Promise.scala:467)
	at java.util.concurrent.ThreadPoolExecutor.runWorker(ThreadPoolExecutor.java:1144)
	at java.util.concurrent.ThreadPoolExecutor$Worker.run(ThreadPoolExecutor.java:642)
	at java.lang.Thread.run(Thread.java:1583)
[0m
May 27, 2024 12:12:06 PM scala.meta.internal.pc.CompilerAccess handleError
SEVERE: A severe compiler error occurred, full details of the error can be found in the error report /home/andresuv/cuartoSemestre/PFC/proyecto/proyectoMain/gestionvuelos/.metals/.reports/metals-full/2024-05-27/r_compiler-error_(root-test)_12-12-06-158.md
2024.05.27 12:12:06 ERROR Failed to tokenize input for semantic tokens for /home/andresuv/cuartoSemestre/PFC/proyecto/proyectoMain/gestionvuelos/src/test/scala/Pruebas.worksheet.sc
scala.meta.tokenizers.TokenizeException: <input>:245: error: empty quoted identifier
```
^
	at scala.meta.internal.tokenizers.Reporter.syntaxError(Reporter.scala:23)
	at scala.meta.internal.tokenizers.Reporter.syntaxError$(Reporter.scala:23)
	at scala.meta.internal.tokenizers.Reporter$$anon$1.syntaxError(Reporter.scala:33)
	at scala.meta.internal.tokenizers.Reporter.syntaxError(Reporter.scala:25)
	at scala.meta.internal.tokenizers.Reporter.syntaxError$(Reporter.scala:25)
	at scala.meta.internal.tokenizers.Reporter$$anon$1.syntaxError(Reporter.scala:33)
	at scala.meta.internal.tokenizers.LegacyScanner.getBackquotedIdent(LegacyScanner.scala:492)
	at scala.meta.internal.tokenizers.LegacyScanner.fetchToken(LegacyScanner.scala:344)
	at scala.meta.internal.tokenizers.LegacyScanner.nextToken(LegacyScanner.scala:214)
	at scala.meta.internal.tokenizers.LegacyScanner.foreach(LegacyScanner.scala:982)
	at scala.meta.internal.tokenizers.ScalametaTokenizer.uncachedTokenize(ScalametaTokenizer.scala:23)
	at scala.meta.internal.tokenizers.ScalametaTokenizer.$anonfun$tokenize$1(ScalametaTokenizer.scala:16)
	at scala.collection.concurrent.TrieMap.getOrElseUpdate(TrieMap.scala:960)
	at scala.meta.internal.tokenizers.ScalametaTokenizer.tokenize(ScalametaTokenizer.scala:16)
	at scala.meta.internal.tokenizers.ScalametaTokenizer$$anon$2.apply(ScalametaTokenizer.scala:331)
	at scala.meta.tokenizers.Api$XtensionTokenizeDialectInput.tokenize(Api.scala:25)
	at scala.meta.tokenizers.Api$XtensionTokenizeInputLike.tokenize(Api.scala:14)
	at scala.meta.internal.metals.SemanticTokensProvider$.getTokens(SemanticTokensProvider.scala:30)
	at scala.meta.internal.metals.SemanticTokensProvider$.provide(SemanticTokensProvider.scala:89)
	at scala.meta.internal.metals.Compilers.$anonfun$semanticTokens$3(Compilers.scala:514)
	at scala.concurrent.impl.Promise$Transformation.run(Promise.scala:467)
	at java.util.concurrent.ThreadPoolExecutor.runWorker(ThreadPoolExecutor.java:1144)
	at java.util.concurrent.ThreadPoolExecutor$Worker.run(ThreadPoolExecutor.java:642)
	at java.lang.Thread.run(Thread.java:1583)
[0m
2024.05.27 12:12:19 INFO  time: evaluated worksheet 'Pruebas.worksheet.sc' in 0.53s[0m
2024.05.27 12:12:20 INFO  time: evaluated worksheet 'PruebasPar.worksheet.sc' in 0.24s[0m
2024.05.27 12:13:43 INFO  time: evaluated worksheet 'PruebasPar.worksheet.sc' in 0.21s[0m
2024.05.27 12:13:51 INFO  time: evaluated worksheet 'Pruebas.worksheet.sc' in 0.38s[0m
2024.05.27 12:13:53 INFO  time: evaluated worksheet 'PruebasPar.worksheet.sc' in 0.19s[0m
May 27, 2024 12:14:00 PM scala.meta.internal.pc.CompilerAccess handleError
SEVERE: A severe compiler error occurred, full details of the error can be found in the error report /home/andresuv/cuartoSemestre/PFC/proyecto/proyectoMain/gestionvuelos/.metals/.reports/metals-full/2024-05-27/r_compiler-error_(root-test)_12-14-00-690.md
2024.05.27 12:14:00 ERROR Failed to tokenize input for semantic tokens for /home/andresuv/cuartoSemestre/PFC/proyecto/proyectoMain/gestionvuelos/src/test/scala/PruebasPar.worksheet.sc
scala.meta.tokenizers.TokenizeException: <input>:76: error: empty quoted identifier
  ```scala
  ^
	at scala.meta.internal.tokenizers.Reporter.syntaxError(Reporter.scala:23)
	at scala.meta.internal.tokenizers.Reporter.syntaxError$(Reporter.scala:23)
	at scala.meta.internal.tokenizers.Reporter$$anon$1.syntaxError(Reporter.scala:33)
	at scala.meta.internal.tokenizers.Reporter.syntaxError(Reporter.scala:25)
	at scala.meta.internal.tokenizers.Reporter.syntaxError$(Reporter.scala:25)
	at scala.meta.internal.tokenizers.Reporter$$anon$1.syntaxError(Reporter.scala:33)
	at scala.meta.internal.tokenizers.LegacyScanner.getBackquotedIdent(LegacyScanner.scala:492)
	at scala.meta.internal.tokenizers.LegacyScanner.fetchToken(LegacyScanner.scala:344)
	at scala.meta.internal.tokenizers.LegacyScanner.nextToken(LegacyScanner.scala:214)
	at scala.meta.internal.tokenizers.LegacyScanner.foreach(LegacyScanner.scala:982)
	at scala.meta.internal.tokenizers.ScalametaTokenizer.uncachedTokenize(ScalametaTokenizer.scala:23)
	at scala.meta.internal.tokenizers.ScalametaTokenizer.$anonfun$tokenize$1(ScalametaTokenizer.scala:16)
	at scala.collection.concurrent.TrieMap.getOrElseUpdate(TrieMap.scala:960)
	at scala.meta.internal.tokenizers.ScalametaTokenizer.tokenize(ScalametaTokenizer.scala:16)
	at scala.meta.internal.tokenizers.ScalametaTokenizer$$anon$2.apply(ScalametaTokenizer.scala:331)
	at scala.meta.tokenizers.Api$XtensionTokenizeDialectInput.tokenize(Api.scala:25)
	at scala.meta.tokenizers.Api$XtensionTokenizeInputLike.tokenize(Api.scala:14)
	at scala.meta.internal.metals.SemanticTokensProvider$.getTokens(SemanticTokensProvider.scala:30)
	at scala.meta.internal.metals.SemanticTokensProvider$.provide(SemanticTokensProvider.scala:89)
	at scala.meta.internal.metals.Compilers.$anonfun$semanticTokens$3(Compilers.scala:514)
	at scala.concurrent.impl.Promise$Transformation.run(Promise.scala:467)
	at java.util.concurrent.ThreadPoolExecutor.runWorker(ThreadPoolExecutor.java:1144)
	at java.util.concurrent.ThreadPoolExecutor$Worker.run(ThreadPoolExecutor.java:642)
	at java.lang.Thread.run(Thread.java:1583)
[0m
2024.05.27 12:14:03 ERROR Failed to tokenize input for semantic tokens for /home/andresuv/cuartoSemestre/PFC/proyecto/proyectoMain/gestionvuelos/src/test/scala/PruebasPar.worksheet.sc
scala.meta.tokenizers.TokenizeException: <input>:76: error: empty quoted identifier
  ```scala
  ^
	at scala.meta.internal.tokenizers.Reporter.syntaxError(Reporter.scala:23)
	at scala.meta.internal.tokenizers.Reporter.syntaxError$(Reporter.scala:23)
	at scala.meta.internal.tokenizers.Reporter$$anon$1.syntaxError(Reporter.scala:33)
	at scala.meta.internal.tokenizers.Reporter.syntaxError(Reporter.scala:25)
	at scala.meta.internal.tokenizers.Reporter.syntaxError$(Reporter.scala:25)
	at scala.meta.internal.tokenizers.Reporter$$anon$1.syntaxError(Reporter.scala:33)
	at scala.meta.internal.tokenizers.LegacyScanner.getBackquotedIdent(LegacyScanner.scala:492)
	at scala.meta.internal.tokenizers.LegacyScanner.fetchToken(LegacyScanner.scala:344)
	at scala.meta.internal.tokenizers.LegacyScanner.nextToken(LegacyScanner.scala:214)
	at scala.meta.internal.tokenizers.LegacyScanner.foreach(LegacyScanner.scala:982)
	at scala.meta.internal.tokenizers.ScalametaTokenizer.uncachedTokenize(ScalametaTokenizer.scala:23)
	at scala.meta.internal.tokenizers.ScalametaTokenizer.$anonfun$tokenize$1(ScalametaTokenizer.scala:16)
	at scala.collection.concurrent.TrieMap.getOrElseUpdate(TrieMap.scala:960)
	at scala.meta.internal.tokenizers.ScalametaTokenizer.tokenize(ScalametaTokenizer.scala:16)
	at scala.meta.internal.tokenizers.ScalametaTokenizer$$anon$2.apply(ScalametaTokenizer.scala:331)
	at scala.meta.tokenizers.Api$XtensionTokenizeDialectInput.tokenize(Api.scala:25)
	at scala.meta.tokenizers.Api$XtensionTokenizeInputLike.tokenize(Api.scala:14)
	at scala.meta.internal.metals.SemanticTokensProvider$.getTokens(SemanticTokensProvider.scala:30)
	at scala.meta.internal.metals.SemanticTokensProvider$.provide(SemanticTokensProvider.scala:89)
	at scala.meta.internal.metals.Compilers.$anonfun$semanticTokens$3(Compilers.scala:514)
	at scala.concurrent.impl.Promise$Transformation.run(Promise.scala:467)
	at java.util.concurrent.ThreadPoolExecutor.runWorker(ThreadPoolExecutor.java:1144)
	at java.util.concurrent.ThreadPoolExecutor$Worker.run(ThreadPoolExecutor.java:642)
	at java.lang.Thread.run(Thread.java:1583)
[0m
May 27, 2024 12:14:03 PM scala.meta.internal.pc.CompilerAccess handleError
SEVERE: A severe compiler error occurred, full details of the error can be found in the error report /home/andresuv/cuartoSemestre/PFC/proyecto/proyectoMain/gestionvuelos/.metals/.reports/metals-full/2024-05-27/r_compiler-error_(root-test)_12-14-03-910.md
May 27, 2024 12:14:04 PM scala.meta.internal.pc.CompilerAccess handleError
SEVERE: A severe compiler error occurred, full details of the error can be found in the error report /home/andresuv/cuartoSemestre/PFC/proyecto/proyectoMain/gestionvuelos/.metals/.reports/metals-full/2024-05-27/r_compiler-error_(root-test)_12-14-04-326.md
2024.05.27 12:14:04 ERROR Failed to tokenize input for semantic tokens for /home/andresuv/cuartoSemestre/PFC/proyecto/proyectoMain/gestionvuelos/src/test/scala/PruebasPar.worksheet.sc
scala.meta.tokenizers.TokenizeException: <input>:76: error: empty quoted identifier
  ```scala
  ^
	at scala.meta.internal.tokenizers.Reporter.syntaxError(Reporter.scala:23)
	at scala.meta.internal.tokenizers.Reporter.syntaxError$(Reporter.scala:23)
	at scala.meta.internal.tokenizers.Reporter$$anon$1.syntaxError(Reporter.scala:33)
	at scala.meta.internal.tokenizers.Reporter.syntaxError(Reporter.scala:25)
	at scala.meta.internal.tokenizers.Reporter.syntaxError$(Reporter.scala:25)
	at scala.meta.internal.tokenizers.Reporter$$anon$1.syntaxError(Reporter.scala:33)
	at scala.meta.internal.tokenizers.LegacyScanner.getBackquotedIdent(LegacyScanner.scala:492)
	at scala.meta.internal.tokenizers.LegacyScanner.fetchToken(LegacyScanner.scala:344)
	at scala.meta.internal.tokenizers.LegacyScanner.nextToken(LegacyScanner.scala:214)
	at scala.meta.internal.tokenizers.LegacyScanner.foreach(LegacyScanner.scala:982)
	at scala.meta.internal.tokenizers.ScalametaTokenizer.uncachedTokenize(ScalametaTokenizer.scala:23)
	at scala.meta.internal.tokenizers.ScalametaTokenizer.$anonfun$tokenize$1(ScalametaTokenizer.scala:16)
	at scala.collection.concurrent.TrieMap.getOrElseUpdate(TrieMap.scala:960)
	at scala.meta.internal.tokenizers.ScalametaTokenizer.tokenize(ScalametaTokenizer.scala:16)
	at scala.meta.internal.tokenizers.ScalametaTokenizer$$anon$2.apply(ScalametaTokenizer.scala:331)
	at scala.meta.tokenizers.Api$XtensionTokenizeDialectInput.tokenize(Api.scala:25)
	at scala.meta.tokenizers.Api$XtensionTokenizeInputLike.tokenize(Api.scala:14)
	at scala.meta.internal.metals.SemanticTokensProvider$.getTokens(SemanticTokensProvider.scala:30)
	at scala.meta.internal.metals.SemanticTokensProvider$.provide(SemanticTokensProvider.scala:89)
	at scala.meta.internal.metals.Compilers.$anonfun$semanticTokens$3(Compilers.scala:514)
	at scala.concurrent.impl.Promise$Transformation.run(Promise.scala:467)
	at java.util.concurrent.ThreadPoolExecutor.runWorker(ThreadPoolExecutor.java:1144)
	at java.util.concurrent.ThreadPoolExecutor$Worker.run(ThreadPoolExecutor.java:642)
	at java.lang.Thread.run(Thread.java:1583)
[0m
2024.05.27 12:14:09 ERROR Failed to tokenize input for semantic tokens for /home/andresuv/cuartoSemestre/PFC/proyecto/proyectoMain/gestionvuelos/src/test/scala/PruebasPar.worksheet.sc
scala.meta.tokenizers.TokenizeException: <input>:76: error: empty quoted identifier
  ```sca
  ^
	at scala.meta.internal.tokenizers.Reporter.syntaxError(Reporter.scala:23)
	at scala.meta.internal.tokenizers.Reporter.syntaxError$(Reporter.scala:23)
	at scala.meta.internal.tokenizers.Reporter$$anon$1.syntaxError(Reporter.scala:33)
	at scala.meta.internal.tokenizers.Reporter.syntaxError(Reporter.scala:25)
	at scala.meta.internal.tokenizers.Reporter.syntaxError$(Reporter.scala:25)
	at scala.meta.internal.tokenizers.Reporter$$anon$1.syntaxError(Reporter.scala:33)
	at scala.meta.internal.tokenizers.LegacyScanner.getBackquotedIdent(LegacyScanner.scala:492)
	at scala.meta.internal.tokenizers.LegacyScanner.fetchToken(LegacyScanner.scala:344)
	at scala.meta.internal.tokenizers.LegacyScanner.nextToken(LegacyScanner.scala:214)
	at scala.meta.internal.tokenizers.LegacyScanner.foreach(LegacyScanner.scala:982)
	at scala.meta.internal.tokenizers.ScalametaTokenizer.uncachedTokenize(ScalametaTokenizer.scala:23)
	at scala.meta.internal.tokenizers.ScalametaTokenizer.$anonfun$tokenize$1(ScalametaTokenizer.scala:16)
	at scala.collection.concurrent.TrieMap.getOrElseUpdate(TrieMap.scala:960)
	at scala.meta.internal.tokenizers.ScalametaTokenizer.tokenize(ScalametaTokenizer.scala:16)
	at scala.meta.internal.tokenizers.ScalametaTokenizer$$anon$2.apply(ScalametaTokenizer.scala:331)
	at scala.meta.tokenizers.Api$XtensionTokenizeDialectInput.tokenize(Api.scala:25)
	at scala.meta.tokenizers.Api$XtensionTokenizeInputLike.tokenize(Api.scala:14)
	at scala.meta.internal.metals.SemanticTokensProvider$.getTokens(SemanticTokensProvider.scala:30)
	at scala.meta.internal.metals.SemanticTokensProvider$.provide(SemanticTokensProvider.scala:89)
	at scala.meta.internal.metals.Compilers.$anonfun$semanticTokens$3(Compilers.scala:514)
	at scala.concurrent.impl.Promise$Transformation.run(Promise.scala:467)
	at java.util.concurrent.ThreadPoolExecutor.runWorker(ThreadPoolExecutor.java:1144)
	at java.util.concurrent.ThreadPoolExecutor$Worker.run(ThreadPoolExecutor.java:642)
	at java.lang.Thread.run(Thread.java:1583)
[0m
May 27, 2024 12:14:09 PM scala.meta.internal.pc.CompilerAccess handleError
SEVERE: A severe compiler error occurred, full details of the error can be found in the error report /home/andresuv/cuartoSemestre/PFC/proyecto/proyectoMain/gestionvuelos/.metals/.reports/metals-full/2024-05-27/r_compiler-error_(root-test)_12-14-09-386.md
2024.05.27 12:14:13 INFO  time: evaluated worksheet 'PruebasPar.worksheet.sc' in 0.29s[0m
